C51 COMPILER V9.54   DS18B20                                                               09/16/2024 23:27:51 PAGE 1   


C51 COMPILER V9.54, COMPILATION OF MODULE DS18B20
OBJECT MODULE PLACED IN .\Objects\DS18B20.obj
COMPILER INVOKED BY: D:\Keil5 C51\C51\BIN\C51.EXE DS18B20.c OPTIMIZE(8,SPEED) BROWSE DEBUG OBJECTEXTEND PRINT(.\Listings
                    -\DS18B20.lst) OBJECT(.\Objects\DS18B20.obj)

line level    source

   1          #include <REGX52.H>
   2          #include "OneWrie.h"
   3          
   4          #define DS18B20_SKIP_ROM           0xcc //跳过ROM
   5          #define DS18B20_CONVERT_T          0x44 //温度变换
   6          #define DS18B20_READ_SCRATCHPAD    0xbe //读暂存器
   7          /**
   8                  *@brief  DS18B20温度转化(数字形式)
   9                  *@param  无
  10                  *@retval 无
  11          */
  12          void DS18B20_ConverT()
  13          {
  14   1              OneWire_Init();//初始化
  15   1              OneWire_SendByte(DS18B20_SKIP_ROM);//跳过Rom
  16   1              OneWire_SendByte(DS18B20_CONVERT_T);//温度转化(数字形式)
  17   1      }
  18          /**
  19                  *@brief  DS18B20温度转化(数字形式)
  20                  *@param  无
  21                  *@retval 返回温度
  22          */
  23          float DS18B20_ReadT()
  24          {
  25   1              unsigned char TLSB,TMSB;//TSLB低8位 TMSB高8位
  26   1              int Temp;//16位
  27   1              float T;
  28   1              OneWire_Init();//初始化
  29   1              OneWire_SendByte(DS18B20_SKIP_ROM);//跳过Rom
  30   1              OneWire_SendByte(DS18B20_READ_SCRATCHPAD);//读暂存器
  31   1              TLSB=OneWire_ReceiveByte();//连续读操作
  32   1              TMSB=OneWire_ReceiveByte();
  33   1              Temp=(TMSB<<8)|TLSB;//转化成16位
  34   1              T=Temp/16.0;
  35   1              return T;
  36   1      }


MODULE INFORMATION:   STATIC OVERLAYABLE
   CODE SIZE        =     57    ----
   CONSTANT SIZE    =   ----    ----
   XDATA SIZE       =   ----    ----
   PDATA SIZE       =   ----    ----
   DATA SIZE        =   ----       1
   IDATA SIZE       =   ----    ----
   BIT SIZE         =   ----    ----
END OF MODULE INFORMATION.


C51 COMPILATION COMPLETE.  0 WARNING(S),  0 ERROR(S)
