C51 COMPILER V9.54   TIMER1                                                                09/16/2024 23:10:24 PAGE 1   


C51 COMPILER V9.54, COMPILATION OF MODULE TIMER1
OBJECT MODULE PLACED IN .\Objects\Timer1.obj
COMPILER INVOKED BY: D:\Keil5 C51\C51\BIN\C51.EXE Timer1.c OPTIMIZE(8,SPEED) BROWSE DEBUG OBJECTEXTEND PRINT(.\Listings\
                    -Timer1.lst) OBJECT(.\Objects\Timer1.obj)

line level    source

   1          #include <REGX52.H>
   2          /**
   3                  *@brief  定时器1初始化，100微秒@12.000MHz
   4                  *@param  无
   5                  *@retval  无
   6          */
   7          void Timer1_Init()              
   8          {
   9   1              TMOD &= 0x0F;           //设置定时器模式
  10   1              TMOD |= 0x10;           //设置定时器模式
  11   1              TL1 = 0x9C;                             //设置定时初始值
  12   1              TH1 = 0xFF;                             //设置定时初始值
  13   1              TF1 = 0;                        //清除TF1标志
  14   1              TR1 = 1;                        //定时器1开始计时
  15   1              ET1 = 1;                        //使能定时器1中断
  16   1              EA=1;               //全局中断使能标志(1：全局中断使能，0：全局中断失能)
  17   1              PT0=0;             //低优先级中断
  18   1      }


MODULE INFORMATION:   STATIC OVERLAYABLE
   CODE SIZE        =     23    ----
   CONSTANT SIZE    =   ----    ----
   XDATA SIZE       =   ----    ----
   PDATA SIZE       =   ----    ----
   DATA SIZE        =   ----    ----
   IDATA SIZE       =   ----    ----
   BIT SIZE         =   ----    ----
END OF MODULE INFORMATION.


C51 COMPILATION COMPLETE.  0 WARNING(S),  0 ERROR(S)
