C51 COMPILER V9.54   XPT2406                                                               09/16/2024 23:58:31 PAGE 1   


C51 COMPILER V9.54, COMPILATION OF MODULE XPT2406
OBJECT MODULE PLACED IN .\Objects\XPT2406.obj
COMPILER INVOKED BY: D:\Keil5 C51\C51\BIN\C51.EXE XPT2406.c OPTIMIZE(8,SPEED) BROWSE DEBUG OBJECTEXTEND PRINT(.\Listings
                    -\XPT2406.lst) OBJECT(.\Objects\XPT2406.obj)

line level    source

   1          #include <REGX52.H>
   2          
   3          sbit XPT2406_DIN=P3^4;
   4          sbit XPT2406_CS=P3^5;
   5          sbit XPT2406_DCLK=P3^6;
   6          sbit XPT2406_DOUT=P3^7;
   7          
   8          unsigned int XPT2406_ReadAD(unsigned int Command)
   9          {
  10   1              unsigned int Vaule=0;
  11   1              unsigned char i;
  12   1              XPT2406_CS=1;
  13   1              XPT2406_DCLK=0;
  14   1              XPT2406_CS=0;
  15   1              
  16   1              for(i=0;i<8;i++)
  17   1              {
  18   2                      XPT2406_DIN=Command&(0x80>>i);
  19   2                      XPT2406_DCLK=1;
  20   2                      XPT2406_DCLK=0;
  21   2              }
  22   1              
  23   1              XPT2406_DCLK=1;
  24   1              XPT2406_DCLK=0;
  25   1              for(i=0;i<16;i++)
  26   1              {
  27   2                      XPT2406_DCLK=1;
  28   2                      XPT2406_DCLK=0;
  29   2                      if(XPT2406_DOUT)
  30   2                      {
  31   3                              Vaule=Vaule|(0x8000>>i);
  32   3                      }
  33   2              }
  34   1              
  35   1              XPT2406_CS=1;
  36   1              return Vaule>>4;        
  37   1      }


MODULE INFORMATION:   STATIC OVERLAYABLE
   CODE SIZE        =    108    ----
   CONSTANT SIZE    =   ----    ----
   XDATA SIZE       =   ----    ----
   PDATA SIZE       =   ----    ----
   DATA SIZE        =   ----       2
   IDATA SIZE       =   ----    ----
   BIT SIZE         =   ----    ----
END OF MODULE INFORMATION.


C51 COMPILATION COMPLETE.  0 WARNING(S),  0 ERROR(S)
